2025-02-08 14:55:57,433 WARNING LiDAR sensor not found.
2025-02-08 14:55:57,433 INFO Camera 'left head camera' enabled.
2025-02-08 14:55:57,433 INFO Camera 'right head camera' enabled.
2025-02-08 14:55:57,433 INFO Camera 'left flank camera' enabled.
2025-02-08 14:55:57,433 INFO Camera 'right flank camera' enabled.
2025-02-08 14:55:57,433 INFO Camera 'rear camera' enabled.
2025-02-08 14:56:01,560 INFO Robot stood up and is ready for autonomous navigation.
2025-02-08 14:56:01,596 INFO Path clear. Moving forward.
2025-02-08 14:56:02,140 INFO Path clear. Moving forward.
2025-02-08 14:56:02,700 INFO Path clear. Moving forward.
2025-02-08 14:56:03,248 INFO Path clear. Moving forward.
2025-02-08 14:56:03,808 INFO Path clear. Moving forward.
2025-02-08 14:56:04,352 INFO Path clear. Moving forward.
2025-02-08 14:56:04,909 INFO Path clear. Moving forward.
2025-02-08 14:56:05,448 INFO Path clear. Moving forward.
2025-02-08 14:56:06,008 INFO Path clear. Moving forward.
2025-02-08 14:56:06,556 INFO Path clear. Moving forward.
2025-02-08 14:56:07,118 INFO Path clear. Moving forward.
2025-02-08 14:56:07,658 INFO Path clear. Moving forward.
2025-02-08 14:56:08,223 INFO Path clear. Moving forward.
2025-02-08 14:56:08,764 INFO Path clear. Moving forward.
2025-02-08 14:56:09,318 INFO Path clear. Moving forward.
2025-02-08 14:56:09,870 INFO Path clear. Moving forward.
2025-02-08 14:56:10,427 INFO Path clear. Moving forward.
2025-02-08 14:56:10,968 INFO Path clear. Moving forward.
2025-02-08 14:56:11,525 INFO Path clear. Moving forward.
2025-02-08 14:56:12,073 INFO Path clear. Moving forward.
2025-02-08 14:56:12,638 INFO Path clear. Moving forward.
2025-02-08 14:56:13,165 INFO Path clear. Moving forward.
2025-02-08 14:56:13,724 INFO Path clear. Moving forward.
2025-02-08 14:56:14,261 INFO Path clear. Moving forward.
2025-02-08 14:56:14,818 INFO Path clear. Moving forward.
2025-02-08 14:56:15,372 INFO Path clear. Moving forward.
2025-02-08 14:56:15,917 INFO Path clear. Moving forward.
2025-02-08 14:56:16,468 INFO Path clear. Moving forward.
2025-02-08 14:56:17,021 INFO Path clear. Moving forward.
2025-02-08 14:56:17,577 INFO Path clear. Moving forward.
2025-02-08 14:56:18,124 INFO Path clear. Moving forward.
2025-02-08 14:56:18,677 INFO Path clear. Moving forward.
2025-02-08 14:56:19,241 INFO Path clear. Moving forward.
2025-02-08 14:56:19,780 INFO Path clear. Moving forward.
2025-02-08 14:56:20,344 INFO Path clear. Moving forward.
2025-02-08 14:56:20,912 INFO Path clear. Moving forward.
2025-02-08 14:56:21,444 INFO Path clear. Moving forward.
2025-02-08 14:56:21,985 INFO Path clear. Moving forward.
2025-02-08 14:56:22,545 INFO Path clear. Moving forward.
2025-02-08 14:56:23,088 INFO Path clear. Moving forward.
2025-02-08 14:56:23,654 INFO Path clear. Moving forward.
2025-02-08 14:56:24,197 INFO Path clear. Moving forward.
2025-02-08 14:56:24,763 INFO Path clear. Moving forward.
2025-02-08 14:56:25,305 INFO Path clear. Moving forward.
2025-02-08 14:56:25,864 INFO Path clear. Moving forward.
2025-02-08 14:56:26,406 INFO Path clear. Moving forward.
2025-02-08 14:56:26,967 INFO Path clear. Moving forward.
2025-02-08 14:56:27,509 INFO Path clear. Moving forward.
2025-02-08 14:56:28,067 INFO Path clear. Moving forward.
2025-02-08 14:56:28,610 INFO Path clear. Moving forward.
2025-02-08 14:56:29,175 INFO Path clear. Moving forward.
2025-02-08 14:56:29,719 INFO Path clear. Moving forward.
2025-02-08 14:56:30,277 INFO Path clear. Moving forward.
2025-02-08 14:56:30,824 INFO Path clear. Moving forward.
2025-02-08 14:56:31,378 INFO Path clear. Moving forward.
2025-02-08 14:56:31,915 INFO Path clear. Moving forward.
2025-02-08 14:56:32,481 INFO Path clear. Moving forward.
2025-02-08 14:56:33,016 INFO Path clear. Moving forward.
2025-02-08 14:56:33,585 INFO Path clear. Moving forward.
2025-02-08 14:56:34,126 INFO Path clear. Moving forward.
2025-02-08 14:56:34,696 INFO Path clear. Moving forward.
2025-02-08 14:56:35,226 INFO Path clear. Moving forward.
2025-02-08 14:56:35,792 INFO Path clear. Moving forward.
2025-02-08 14:56:36,330 INFO Path clear. Moving forward.
2025-02-08 14:56:36,895 INFO Path clear. Moving forward.
2025-02-08 14:56:37,432 INFO Path clear. Moving forward.
2025-02-08 14:56:37,993 INFO Path clear. Moving forward.
2025-02-08 14:56:38,532 INFO Path clear. Moving forward.
2025-02-08 14:56:39,101 INFO Path clear. Moving forward.
2025-02-08 14:56:39,648 INFO Path clear. Moving forward.
2025-02-08 14:56:40,216 INFO Path clear. Moving forward.
2025-02-08 14:56:40,757 INFO Path clear. Moving forward.
2025-02-08 14:56:41,317 INFO Path clear. Moving forward.
2025-02-08 14:56:41,863 INFO Path clear. Moving forward.
2025-02-08 14:56:42,428 INFO Path clear. Moving forward.
2025-02-08 14:56:42,965 INFO Path clear. Moving forward.
2025-02-08 14:56:43,526 INFO Path clear. Moving forward.
2025-02-08 14:56:44,065 INFO Path clear. Moving forward.
2025-02-08 14:56:44,623 INFO Path clear. Moving forward.
2025-02-08 14:56:45,162 INFO Path clear. Moving forward.
2025-02-08 14:56:45,714 INFO Path clear. Moving forward.
2025-02-08 14:56:46,256 INFO Path clear. Moving forward.
2025-02-08 14:56:46,813 INFO Path clear. Moving forward.
2025-02-08 14:56:47,362 INFO Path clear. Moving forward.
2025-02-08 14:56:47,914 INFO Path clear. Moving forward.
2025-02-08 14:56:48,473 INFO Path clear. Moving forward.
2025-02-08 14:56:49,035 INFO Path clear. Moving forward.
2025-02-08 14:56:49,576 INFO Path clear. Moving forward.
2025-02-08 14:56:50,144 INFO Path clear. Moving forward.
2025-02-08 14:56:50,693 INFO Path clear. Moving forward.
2025-02-08 14:56:51,254 INFO Path clear. Moving forward.
2025-02-08 14:56:51,796 INFO Path clear. Moving forward.
2025-02-08 14:56:52,358 INFO Path clear. Moving forward.
2025-02-08 14:56:52,901 INFO Path clear. Moving forward.
2025-02-08 14:56:53,468 INFO Path clear. Moving forward.
2025-02-08 14:56:54,007 INFO Path clear. Moving forward.
2025-02-08 14:56:54,563 INFO Path clear. Moving forward.
2025-02-08 14:56:55,107 INFO Path clear. Moving forward.
2025-02-08 14:56:55,670 INFO Path clear. Moving forward.
2025-02-08 14:56:56,212 INFO Path clear. Moving forward.
2025-02-08 14:56:56,772 INFO Path clear. Moving forward.
2025-02-08 14:56:57,317 INFO Path clear. Moving forward.
2025-02-08 14:56:57,886 INFO Path clear. Moving forward.
2025-02-08 14:56:58,421 INFO Path clear. Moving forward.
2025-02-08 14:56:58,985 INFO Path clear. Moving forward.
2025-02-08 14:56:59,524 INFO Path clear. Moving forward.
2025-02-08 14:57:00,089 INFO Path clear. Moving forward.
2025-02-08 14:57:00,623 INFO Path clear. Moving forward.
2025-02-08 14:57:01,185 INFO Path clear. Moving forward.
2025-02-08 14:57:01,736 INFO Path clear. Moving forward.
2025-02-08 14:57:02,300 INFO Path clear. Moving forward.
2025-02-08 14:57:02,845 INFO Path clear. Moving forward.
2025-02-08 14:57:03,411 INFO Path clear. Moving forward.
2025-02-08 14:57:03,949 INFO Path clear. Moving forward.
2025-02-08 14:57:04,515 INFO Path clear. Moving forward.
2025-02-08 14:57:05,057 INFO Path clear. Moving forward.
2025-02-08 14:57:05,618 INFO Path clear. Moving forward.
2025-02-08 14:57:06,163 INFO Path clear. Moving forward.
2025-02-08 14:57:06,730 INFO Path clear. Moving forward.
2025-02-08 14:57:07,265 INFO Path clear. Moving forward.
2025-02-08 14:57:07,826 INFO Path clear. Moving forward.
2025-02-08 14:57:08,372 INFO Path clear. Moving forward.
2025-02-08 14:57:08,938 INFO Path clear. Moving forward.
2025-02-08 14:57:09,473 INFO Path clear. Moving forward.
2025-02-08 14:57:10,032 INFO Path clear. Moving forward.
2025-02-08 14:57:10,575 INFO Path clear. Moving forward.
2025-02-08 14:57:11,139 INFO Path clear. Moving forward.
2025-02-08 14:57:11,680 INFO Path clear. Moving forward.
2025-02-08 14:57:12,246 INFO Path clear. Moving forward.
2025-02-08 14:57:12,789 INFO Path clear. Moving forward.
2025-02-08 14:57:13,352 INFO Path clear. Moving forward.
2025-02-08 14:57:13,900 INFO Path clear. Moving forward.
2025-02-08 14:57:14,466 INFO Path clear. Moving forward.
2025-02-08 14:57:15,001 INFO Path clear. Moving forward.
2025-02-08 14:57:15,559 INFO Path clear. Moving forward.
2025-02-08 14:57:16,106 INFO Path clear. Moving forward.
2025-02-08 14:57:16,666 INFO Path clear. Moving forward.
2025-02-08 14:57:17,208 INFO Path clear. Moving forward.
2025-02-08 14:57:17,775 INFO Path clear. Moving forward.
2025-02-08 14:57:18,318 INFO Path clear. Moving forward.
2025-02-08 14:57:18,885 INFO Path clear. Moving forward.
2025-02-08 14:57:19,427 INFO Path clear. Moving forward.
2025-02-08 14:57:19,994 INFO Path clear. Moving forward.
2025-02-08 14:57:20,529 INFO Path clear. Moving forward.
2025-02-08 14:57:21,088 INFO Path clear. Moving forward.
2025-02-08 14:57:21,633 INFO Path clear. Moving forward.
2025-02-08 14:57:22,198 INFO Path clear. Moving forward.
2025-02-08 14:57:22,741 INFO Path clear. Moving forward.
2025-02-08 14:57:23,314 INFO Path clear. Moving forward.
2025-02-08 14:57:23,849 INFO Path clear. Moving forward.
2025-02-08 14:57:24,418 INFO Path clear. Moving forward.
2025-02-08 14:57:24,952 INFO Path clear. Moving forward.
2025-02-08 14:57:25,512 INFO Path clear. Moving forward.
2025-02-08 14:57:26,045 INFO Path clear. Moving forward.
2025-02-08 14:57:26,613 INFO Path clear. Moving forward.
2025-02-08 14:57:27,149 INFO Path clear. Moving forward.
2025-02-08 14:57:27,713 INFO Path clear. Moving forward.
2025-02-08 14:57:28,257 INFO Path clear. Moving forward.
2025-02-08 14:57:28,818 INFO Path clear. Moving forward.
2025-02-08 14:57:29,357 INFO Path clear. Moving forward.
2025-02-08 14:57:29,919 INFO Path clear. Moving forward.
2025-02-08 14:57:30,457 INFO Path clear. Moving forward.
2025-02-08 14:57:31,024 INFO Path clear. Moving forward.
2025-02-08 14:57:31,565 INFO Path clear. Moving forward.
2025-02-08 14:57:32,126 INFO Path clear. Moving forward.
2025-02-08 14:57:32,669 INFO Path clear. Moving forward.
2025-02-08 14:57:33,231 INFO Path clear. Moving forward.
2025-02-08 14:57:33,773 INFO Path clear. Moving forward.
2025-02-08 14:57:34,331 INFO Path clear. Moving forward.
2025-02-08 14:57:34,871 INFO Path clear. Moving forward.
2025-02-08 14:57:35,436 INFO Path clear. Moving forward.
2025-02-08 14:57:35,977 INFO Path clear. Moving forward.
2025-02-08 14:57:36,541 INFO Path clear. Moving forward.
2025-02-08 14:57:37,084 INFO Path clear. Moving forward.
2025-02-08 14:57:37,647 INFO Path clear. Moving forward.
2025-02-08 14:57:38,189 INFO Path clear. Moving forward.
2025-02-08 14:57:38,750 INFO Path clear. Moving forward.
2025-02-08 14:57:39,297 INFO Path clear. Moving forward.
2025-02-08 14:57:39,860 INFO Path clear. Moving forward.
2025-02-08 14:57:40,404 INFO Path clear. Moving forward.
2025-02-08 14:57:40,967 INFO Path clear. Moving forward.
2025-02-08 14:57:41,507 INFO Path clear. Moving forward.
2025-02-08 14:57:42,075 INFO Path clear. Moving forward.
2025-02-08 14:57:42,617 INFO Path clear. Moving forward.
2025-02-08 14:57:43,174 INFO Path clear. Moving forward.
2025-02-08 14:57:43,722 INFO Path clear. Moving forward.
2025-02-08 14:57:44,283 INFO Path clear. Moving forward.
2025-02-08 14:57:44,826 INFO Path clear. Moving forward.
